2025-09-03 12:48:49 Loading main app package /usr/lib/obsidian/obsidian.asar
2025-09-03 12:48:50 Checking for update using Github
2025-09-03 12:48:50 Success.
2025-09-03 12:48:50 Latest version is 1.9.12
2025-09-03 12:48:50 App is up to date.
2025-09-06 03:23:36 Loading main app package /usr/lib/obsidian/obsidian.asar
2025-09-06 03:23:36 Checking for update using Github
2025-09-06 03:23:37 Success.
2025-09-06 03:23:37 Latest version is 1.9.12
2025-09-06 03:23:37 App is up to date.
2025-09-06 15:39:12 Loading main app package /usr/lib/obsidian/obsidian.asar
2025-09-06 15:39:13 Checking for update using Github
2025-09-06 15:39:13 Success.
2025-09-06 15:39:13 Latest version is 1.9.12
2025-09-06 15:39:13 App is up to date.
2025-09-06 16:39:12 Checking for update using Github
2025-09-06 16:39:12 Success.
2025-09-06 16:39:12 Latest version is 1.9.12
2025-09-06 16:39:12 App is up to date.
2025-09-06 17:39:12 Checking for update using Github
2025-09-06 17:39:12 Success.
2025-09-06 17:39:12 Latest version is 1.9.12
2025-09-06 17:39:12 App is up to date.
2025-09-07 01:48:48 Loading main app package /usr/lib/obsidian/obsidian.asar
2025-09-07 01:48:48 Checking for update using Github
2025-09-07 01:48:48 Success.
2025-09-07 01:48:48 Latest version is 1.9.12
2025-09-07 01:48:48 App is up to date.
2025-09-08 03:58:35 Loading main app package /usr/lib/obsidian/obsidian.asar
2025-09-08 03:58:36 Checking for update using Github
2025-09-08 03:58:36 Success.
2025-09-08 03:58:36 Latest version is 1.9.12
2025-09-08 03:58:36 App is up to date.
2025-09-11 05:18:13 Loading main app package /usr/lib/obsidian/obsidian.asar
2025-09-11 05:18:13 Checking for update using Github
2025-09-11 05:18:13 Success.
2025-09-11 05:18:13 Latest version is 1.9.12
2025-09-11 05:18:13 App is up to date.
2025-09-11 06:40:28 Checking for update using Github
2025-09-11 06:40:28 Failed to check for update using Github (net::ERR_ADDRESS_UNREACHABLE)
2025-09-11 06:40:28 Checking for update using obsidian.md
2025-09-11 06:40:28 Failed to check for update using obsidian.md (net::ERR_ADDRESS_UNREACHABLE)
2025-09-11 07:40:28 Checking for update using Github
2025-09-11 07:40:28 Failed to check for update using Github (net::ERR_ADDRESS_UNREACHABLE)
2025-09-11 07:40:28 Checking for update using obsidian.md
2025-09-11 07:40:29 Failed to check for update using obsidian.md (Unexpected end of JSON input)
2025-09-12 03:13:34 Loading main app package /usr/lib/obsidian/obsidian.asar
2025-09-12 03:13:35 Checking for update using Github
2025-09-12 03:13:35 Success.
2025-09-12 03:13:35 Latest version is 1.9.12
2025-09-12 03:13:35 App is up to date.
2025-09-12 23:05:36 Loading main app package /usr/lib/obsidian/obsidian.asar
2025-09-12 23:05:37 Checking for update using Github
2025-09-12 23:05:37 Success.
2025-09-12 23:05:37 Latest version is 1.9.12
2025-09-12 23:05:37 App is up to date.
